[12:39:32] [main/INFO] [JMLogger] JourneyMap log initialized.
[12:39:32] [main/INFO] [JourneymapClient] initialize ENTER
[12:39:32] [main/INFO] [ClientAPI] [ClientAPI] built with JourneyMap API 1.8-SNAPSHOT
[12:39:32] [main/INFO] [PluginHelper] Initializing plugins with Client API: journeymap.client.api.impl.ClientAPI
[12:39:32] [main/DEBUG] [JourneymapClient] Loading and Generating Journeymap configs
[12:39:32] [main/TRACE] [ThemeLoader] Initializing themes ...
[12:39:33] [main/INFO] [PropertiesBase] core (FirstLoaded) Setting config file to version "5.8.0beta13": journeymap.core.config
[12:39:33] [main/INFO] [PropertiesBase] core (Valid) Creating config file: C:\Users\orphe\AppData\Roaming\.minecraftMod\journeymap\config\5.8\journeymap.core.config
[12:39:33] [main/INFO] [PropertiesBase] fullmap (FirstLoaded) Setting config file to version "5.8.0beta13": journeymap.fullmap.config
[12:39:33] [main/INFO] [PropertiesBase] fullmap (Valid) Creating config file: C:\Users\orphe\AppData\Roaming\.minecraftMod\journeymap\config\5.8\journeymap.fullmap.config
[12:39:33] [main/INFO] [PropertiesBase] minimap (Initialized) Setting config file to version "5.8.0beta13": journeymap.minimap.config
[12:39:33] [main/INFO] [PropertiesBase] minimap (Valid) Creating config file: C:\Users\orphe\AppData\Roaming\.minecraftMod\journeymap\config\5.8\journeymap.minimap.config
[12:39:33] [main/INFO] [PropertiesBase] minimap2 (FirstLoaded) Setting config file to version "5.8.0beta13": journeymap.minimap2.config
[12:39:33] [main/INFO] [PropertiesBase] minimap2 (Valid) Creating config file: C:\Users\orphe\AppData\Roaming\.minecraftMod\journeymap\config\5.8\journeymap.minimap2.config
[12:39:33] [main/INFO] [PropertiesBase] topo (FirstLoaded) Setting config file to version "5.8.0beta13": journeymap.topo.config
[12:39:33] [main/INFO] [PropertiesBase] topo (Valid) Creating config file: C:\Users\orphe\AppData\Roaming\.minecraftMod\journeymap\config\5.8\journeymap.topo.config
[12:39:33] [main/INFO] [PropertiesBase] webmap (FirstLoaded) Setting config file to version "5.8.0beta13": journeymap.webmap.config
[12:39:33] [main/INFO] [PropertiesBase] webmap (Valid) Creating config file: C:\Users\orphe\AppData\Roaming\.minecraftMod\journeymap\config\5.8\journeymap.webmap.config
[12:39:33] [main/INFO] [PropertiesBase] waypoint (FirstLoaded) Setting config file to version "5.8.0beta13": journeymap.waypoint.config
[12:39:33] [main/INFO] [PropertiesBase] waypoint (Valid) Creating config file: C:\Users\orphe\AppData\Roaming\.minecraftMod\journeymap\config\5.8\journeymap.waypoint.config
[12:39:33] [Render thread/INFO] [?] Version: JourneyMap 1.16.5-5.8.0beta13, built with Forge 1.16.5-36.2.22
Forge: 36.2.26
Environment: os.name, os.arch, java.version, user.country, user.language=null, game language=en_us, locale=en_us
Features: 
	RadarPlayers : singleplayer = true , multiplayer = true
	RadarAnimals : singleplayer = true , multiplayer = true
	RadarMobs : singleplayer = true , multiplayer = true
	RadarVillagers : singleplayer = true , multiplayer = true
	MapTopo : singleplayer = true , multiplayer = true
	MapSurface : singleplayer = true , multiplayer = true
	MapCaves : singleplayer = true , multiplayer = true
	MapBiome : singleplayer = true , multiplayer = true
MiniMapProperties{state=SavedOk, file=journeymap.minimap.config, configVersion=5.8.0beta13, zoomLevel=0, compassFontScale=1.0, terrainAlpha=100, showEntityNames=true, positionX=0.9, positionY=0.25, effectVertical=false, showPlayerHeading=true, sizePercent=30, playerDisplayScale=0.5, showDayNight=true, showPets=true, preferredMapType=day, showCompass=true, mobDisplay=jm.common.entity_display.dots, systemTimeRealFormat=HH:mm:ss, shape=jm.minimap.shape_circle, showSelf=true, selfDisplayScale=0.5, showGrid=true, reticleOrientation=jm.minimap.orientation.compass, gameTimeRealFormat=HH:mm:ss, effectTranslateX=0, showWaypoints=true, minimapKeyMovementSpeed=0.001, showAnimals=true, infoSlotAlpha=0.7, effectTranslateY=0, showWaypointLabels=true, moveEffectIcons=true, position=jm.minimap.position_topright, fontScale=1.0, showPlayers=true, frameAlpha=100, effectReversed=false, backgroundAlpha=0.8, enabled=true, showVillagers=true, info2Label=jm.theme.labelsource.gametime, info3Label=jm.theme.labelsource.location, showMobs=true, waypointLabelScale=1.0, showReticle=true, orientation=jm.minimap.orientation.north, info4Label=jm.theme.labelsource.biome, locationFormat=xzyv, playerDisplay=jm.common.entity_display.dots, mobDisplayScale=0.5, showCaves=true, showMobHeading=true, locationFormatVerbose=true, info1Label=jm.theme.labelsource.blank}
MiniMapProperties{state=SavedOk, file=journeymap.minimap2.config, configVersion=5.8.0beta13, zoomLevel=0, compassFontScale=1.0, terrainAlpha=100, showEntityNames=true, positionX=0.9, positionY=0.25, effectVertical=false, showPlayerHeading=true, sizePercent=30, playerDisplayScale=0.5, showDayNight=true, showPets=true, preferredMapType=day, showCompass=true, mobDisplay=jm.common.entity_display.dots, systemTimeRealFormat=HH:mm:ss, shape=jm.minimap.shape_rectangle, showSelf=true, selfDisplayScale=0.5, showGrid=true, reticleOrientation=jm.minimap.orientation.compass, gameTimeRealFormat=HH:mm:ss, effectTranslateX=0, showWaypoints=true, minimapKeyMovementSpeed=0.001, showAnimals=true, infoSlotAlpha=0.7, effectTranslateY=0, showWaypointLabels=true, moveEffectIcons=true, position=jm.minimap.position_topright, fontScale=1.0, showPlayers=true, frameAlpha=100, effectReversed=false, backgroundAlpha=0.8, enabled=true, showVillagers=true, info2Label=jm.theme.labelsource.gametime, info3Label=jm.theme.labelsource.location, showMobs=true, waypointLabelScale=1.0, showReticle=true, orientation=jm.minimap.orientation.north, info4Label=jm.theme.labelsource.biome, locationFormat=xzyv, playerDisplay=jm.common.entity_display.dots, mobDisplayScale=0.5, showCaves=true, showMobHeading=true, locationFormatVerbose=true, info1Label=jm.theme.labelsource.blank}
FullMapProperties{state=SavedOk, file=journeymap.fullmap.config, configVersion=5.8.0beta13, zoomLevel=0, showPlayers=true, showEntityNames=true, showPlayerHeading=true, showVillagers=true, showPlayerLoc=true, showKeys=true, playerDisplayScale=0.5, showMobs=true, showPets=true, waypointLabelScale=1.0, preferredMapType=day, mobDisplay=jm.common.entity_display.dots, showSelf=true, locationFormat=xzyv, playerDisplay=jm.common.entity_display.dots, mobDisplayScale=0.5, selfDisplayScale=0.5, showGrid=true, showMouseLoc=true, showWaypoints=true, showCaves=true, showAnimals=true, dragScale=1, showMobHeading=true, showWaypointLabels=true, locationFormatVerbose=true, fontScale=1.0}
WaypointProperties{state=SavedOk, file=journeymap.waypoint.config, configVersion=5.8.0beta13, autoRemoveDeathpointDistance=2, dateFormat=MM-dd-yyyy, autoRemoveDeathpoints=false, fullscreenDoubleClickToCreate=true, managerDimensionFocus=false, minDistance=4, boldLabel=false, textureSmall=true, showDeathpointlabel=true, beaconEnabled=true, createDeathpoints=true, showName=true, disableStrikeThrough=false, maxDistance=0, autoHideLabel=true, autoRemoveTempWaypoints=2, teleportCommand=/tp {name} {x} {y} {z}, showStaticBeam=true, timeFormat=HH:mm:ss, showDeviationLabel=false, showDistance=true, showRotatingBeam=true, fontScale=2.0, showTexture=true, managerEnabled=true}
WebMapProperties{state=SavedOk, file=journeymap.webmap.config, configVersion=5.8.0beta13, port=8080, enabled=false}
CoreProperties{state=SavedOk, file=journeymap.core.config, configVersion=5.8.0beta13, verboseColorPalette=false, maxPlayersData=32, mapSurfaceAboveCaves=true, dataCachingEnabled=true, optionsManagerViewed=null, announceMod=true, colorPassive=#bbbbbb, renderOverlayEventTypeName=ALL, mapBlendWater=false, renderDistanceSurfaceMax=0, radarVerticalDistance=16, mapBlendGrass=true, recordCacheStats=false, hideSneakingEntities=true, revealShape=jm.minimap.shape_circle, mapBiome=true, alwaysMapSurface=false, colorVillager=#88e188, mapPlants=false, colorPet=#0077ff, radarLateralDistance=64, mapBathymetry=false, mapCrops=true, maxMobsData=32, mapPlantShadows=false, alwaysMapCaves=false, checkUpdates=true, browserPoll=2000, mapBlendFoliage=true, hideSpectators=false, mappingEnabled=true, colorPlayer=#ffffff, tileHighDisplayQuality=true, cacheVillagersData=2200, logLevel=INFO, maxVillagersData=32, mapWaterBiomeColors=false, maxAnimalsData=32, mapTransparency=true, tileRenderType=1, caveIgnoreGlass=true, mapTopography=true, renderDistanceCaveMax=0, mapAntialiasing=true, colorSelf=#0000ff, cachePlayersData=2000, cacheMobsData=3000, cachePlayerData=1000, splashViewed=null, colorHostile=#ff0000, cacheAnimalsData=3100, themeName=OceanMonument, mapCaveLighting=true, renderDelay=2, renderOverlayPreEvent=true, autoMapPoll=2000}
[12:39:33] [main/DEBUG] [EventHandlerManager] Handler registered: journeymap.client.forge.event.KeyEventHandler
[12:39:33] [main/DEBUG] [EventHandlerManager] Handler registered: journeymap.client.forge.event.ChatEventHandler
[12:39:33] [main/DEBUG] [EventHandlerManager] Handler registered: journeymap.client.forge.event.StateTickHandler
[12:39:33] [main/DEBUG] [EventHandlerManager] Handler registered: journeymap.client.forge.event.WorldEventHandler
[12:39:33] [main/DEBUG] [EventHandlerManager] Handler registered: journeymap.client.forge.event.WaypointBeaconHandler
[12:39:33] [main/DEBUG] [EventHandlerManager] Handler registered: journeymap.client.forge.event.TextureAtlasHandler
[12:39:33] [main/DEBUG] [EventHandlerManager] Handler registered: journeymap.client.forge.event.MiniMapOverlayHandler
[12:39:33] [main/DEBUG] [EventHandlerManager] Handler registered: journeymap.client.forge.event.PlayerConnectHandler
[12:39:33] [main/DEBUG] [EventHandlerManager] Handler registered: journeymap.client.world.ChunkMonitor
[12:39:33] [main/DEBUG] [EventHandlerManager] Handler registered: journeymap.client.forge.event.HudOverlayHandler
[12:39:33] [main/DEBUG] [EventHandlerManager] Handler registered: journeymap.client.forge.event.PopupMenuEventHandler
[12:39:33] [main/DEBUG] [StatTimer] elapsed was slow: 1220.6625
[12:39:33] [main/INFO] [JourneymapClient] initialize EXIT, elapsed count 1 avg 1220,66ms
[12:39:55] [main/INFO] [JourneymapClient] Journeymap PostInit
[12:39:55] [main/DEBUG] [JourneymapClient] postInitialize ENTER
[12:39:55] [main/TRACE] [ThemeLoader] Initializing themes ...
[12:39:56] [main/INFO] [ThemeLoader] Preloaded theme textures: 73
[12:39:56] [main/INFO] [JourneymapClient] postInitialize EXIT, elapsed count 1 avg 818,84ms
[12:39:56] [JM-VersionCheck-1/INFO] [VersionCheck$1] Newer version online: JourneyMap 5.8.0beta15.jar for Minecraft 1.16.5 on http://minecraft.curseforge.com/projects/journeymap/files/3647516
